Exporter version: 2.93.5, Blender version: 2.93.9
========= Conversion from Blender to Babylon.js =========
	Scene settings used :
		Inline textures     :  false
		Material Type       :  PBR
		Positions Precision :  4
		Normals Precision   :  3
		UVs Precision       :  3
		Vert Color Precision:  3
		Mat Weight Precision:  2
		Keep Z-up r-handed  :  no
		Texture directory   :  C:\Users\Raphael\Documents\Fac\Web Game\Wyrunique\assets\
	Python World class constructor completed
	WARNING: No active camera has been assigned, or is not in a currently enabled collection
	processing begun of mesh:  Labyrinthe
		processing begun of material:  Material
			WARNING: unsupported node type(ShaderNodeTexMusgrave) will trigger baking
			WARNING: unsupported node type(ShaderNodeTexNoise) will trigger baking
			WARNING: unsupported node type(ShaderNodeValToRGB) will trigger baking
			WARNING: unsupported node type(ShaderNodeMixRGB) will trigger baking
			WARNING: unsupported node type(ShaderNodeValToRGB) will trigger baking
			WARNING: unsupported node type(ShaderNodeTexMusgrave) will trigger baking
			WARNING: unsupported node type(ShaderNodeTexNoise) will trigger baking
			WARNING: unsupported node type(ShaderNodeValToRGB) will trigger baking
			WARNING: unsupported node type(ShaderNodeMixRGB) will trigger baking
			WARNING: unsupported node type(ShaderNodeTexNoise) will trigger baking
			WARNING: unsupported node type(ShaderNodeMixRGB) will trigger baking
			WARNING: unsupported node type(ShaderNodeTexVoronoi) will trigger baking
			WARNING: unsupported node type(ShaderNodeValToRGB) will trigger baking
			WARNING: unsupported node type(ShaderNodeBump) will trigger baking
			WARNING: unsupported node type(ShaderNodeBump) will trigger baking
			Baking texture, type: DIFFUSE, mapped using: UVMap
			processing texture Labyrinthe_baked_DIFFUSE
				texture type:  diffuseTexture, mapped using: "UVMap"
			Diffuse / albeto channel baked
			bake time:  4 min, 29.1615 secs
		num positions      :  523
		num normals        :  523
		num tangents       :  0
		num uvs            :  1046
		num uvs2           :  0
		num colors         :  0
		num triangles      :  322
========= Writing of JSON file started =========
	writing mesh:  Labyrinthe
========= Writing of JSON file completed =========
========= end of processing =========
elapsed time:  4 min, 29.2227 secs
